<?xml version="1.0" encoding="UTF-8"?>
<testsuite xmlns:xsi="http://www.w3.org/2001/XMLSchema-instance" xsi:noNamespaceSchemaLocation="https://maven.apache.org/surefire/maven-surefire-plugin/xsd/surefire-test-report.xsd" name="com.example.asis.CustomGeneratorTest" time="1.665" tests="10" errors="0" skipped="0" failures="0">
  <properties>
[...]
</properties>
  <testcase name="tc2_1_버전_직접ID_단건" classname="com.example.asis.CustomGeneratorTest" time="0.069"/>
  <testcase name="tc2_5_버전_직접ID_배치10건" classname="com.example.asis.CustomGeneratorTest" time="0.01"/>
  <testcase name="tc1_5_직접ID_배치10건" classname="com.example.asis.CustomGeneratorTest" time="0.015"/>
  <testcase name="tc1_3_자동생성_단건" classname="com.example.asis.CustomGeneratorTest" time="0.006"/>
  <testcase name="tc_dup2_버전_기존ID_중복저장_단건" classname="com.example.asis.CustomGeneratorTest" time="0.009"/>
  <testcase name="tc_dup1_기존ID_중복저장_단건" classname="com.example.asis.CustomGeneratorTest" time="0.008"/>
  <testcase name="tc2_3_버전_자동생성_단건" classname="com.example.asis.CustomGeneratorTest" time="0.004"/>
  <testcase name="tc1_1_직접ID_단건" classname="com.example.asis.CustomGeneratorTest" time="0.003"/>
  <testcase name="tc1_6_자동생성_배치10건" classname="com.example.asis.CustomGeneratorTest" time="0.004"/>
  <testcase name="tc2_6_버전_자동생성_배치10건" classname="com.example.asis.CustomGeneratorTest" time="0.004"/>
</testsuite>